0 1
1 1
2 2
3 3
4 7
5 4
6 13
7 6
8 15
9 11
10 22
11 12
12 25
13 18
14 28
15 20
16 34
17 22
18 42
19 27
20 44
21 34
22 48
23 35
24 55
25 38
26 59
27 44
28 62
29 47
30 69
31 49
32 72
33 55
34 81
35 57
36 87
37 65
38 90
39 70
40 98
41 72
42 103
43 79
44 105
45 83
46 113
47 84
48 117
49 91
50 122
51 94
52 129
53 98
54 133
55 104
56 137
57 107
58 145
59 110
60 148
61 117
62 152
63 119
64 159
65 122
66 169
67 128
68 172
69 137
70 179
71 139
72 188
73 145
74 192
75 153
76 198
77 156
78 207
79 161
80 210
81 169
82 216
83 171
84 224
85 176
86 227
87 183
88 232
89 185
90 241
91 189
92 243
93 197
94 248
95 198
96 256
97 202
98 262
99 209
100 266
101 214
102 274
103 217
104 279
105 224
106 284
107 228
108 291
109 232
110 296
111 238
112 300
found 300 at 112
